<?xml version="1.0" encoding="UTF-8"?>
<testsuite xmlns:xsi="http://www.w3.org/2001/XMLSchema-instance" xsi:noNamespaceSchemaLocation="https://maven.apache.org/surefire/maven-surefire-plugin/xsd/surefire-test-report-3.0.xsd" version="3.0" name="org.sir.appgestionstock.ApplicationTest" time="75.234" tests="1" errors="0" skipped="0" failures="0">
  <properties>
[...]
</properties>
  <testcase name="contextLoads" classname="org.sir.appgestionstock.ApplicationTest" time="1.798">
    <system-out><![CDATA[Standard Commons Logging discovery in action with spring-jcl: please remove commons-logging.jar from classpath in order to avoid potential conflicts
13:04:39.835 [main] INFO org.springframework.test.context.support.AnnotationConfigContextLoaderUtils -- Could not detect default configuration classes for test class [org.sir.appgestionstock.ApplicationTest]: ApplicationTest does not declare any static, non-private, non-final, nested classes annotated with @Configuration.
13:04:40.494 [main] INFO org.springframework.boot.test.context.SpringBootTestContextBootstrapper -- Found @SpringBootConfiguration org.sir.appgestionstock.Application for test class org.sir.appgestionstock.ApplicationTest

  .   ____          _            __ _ _
 /\\ / ___'_ __ _ _(_)_ __  __ _ \ \ \ \
( ( )\___ | '_ | '_| | '_ \/ _` | \ \ \ \
 \\/  ___)| |_)| | | | | || (_| |  ) ) ) )
  '  |____| .__|_| |_|_| |_\__, | / / / /
 =========|_|==============|___/=/_/_/_/
 :: Spring Boot ::                (v3.1.5)

2024-08-24T13:04:41.825+01:00  INFO 18728 --- [           main] o.sir.appgestionstock.ApplicationTest    : Starting ApplicationTest using Java 21 with PID 18728 (started by WIN in C:\Users\WIN\Desktop\ERP-GS-main\GS-back)
2024-08-24T13:04:41.828+01:00  INFO 18728 --- [           main] o.sir.appgestionstock.ApplicationTest    : The following 1 profile is active: "dev"
2024-08-24T13:04:45.279+01:00  INFO 18728 --- [           main] .s.d.r.c.RepositoryConfigurationDelegate : Bootstrapping Spring Data JPA repositories in DEFAULT mode.
2024-08-24T13:04:46.706+01:00  INFO 18728 --- [           main] .s.d.r.c.RepositoryConfigurationDelegate : Finished Spring Data repository scanning in 1380 ms. Found 38 JPA repository interfaces.
2024-08-24T13:04:49.854+01:00  INFO 18728 --- [           main] o.hibernate.jpa.internal.util.LogHelper  : HHH000204: Processing PersistenceUnitInfo [name: default]
2024-08-24T13:04:50.171+01:00  INFO 18728 --- [           main] org.hibernate.Version                    : HHH000412: Hibernate ORM core version 6.2.13.Final
2024-08-24T13:04:50.178+01:00  INFO 18728 --- [           main] org.hibernate.cfg.Environment            : HHH000406: Using bytecode reflection optimizer
2024-08-24T13:04:52.399+01:00  INFO 18728 --- [           main] o.s.o.j.p.SpringPersistenceUnitInfo      : No LoadTimeWeaver setup: ignoring JPA class transformer
2024-08-24T13:04:52.528+01:00  INFO 18728 --- [           main] com.zaxxer.hikari.HikariDataSource       : HikariPool-1 - Starting...
2024-08-24T13:04:56.768+01:00  INFO 18728 --- [           main] com.zaxxer.hikari.pool.HikariPool        : HikariPool-1 - Added connection com.mysql.cj.jdbc.ConnectionImpl@3c9f4376
2024-08-24T13:04:56.793+01:00  INFO 18728 --- [           main] com.zaxxer.hikari.HikariDataSource       : HikariPool-1 - Start completed.
2024-08-24T13:04:57.092+01:00  WARN 18728 --- [           main] org.hibernate.orm.deprecation            : HHH90000025: MySQL8Dialect does not need to be specified explicitly using 'hibernate.dialect' (remove the property setting and it will be selected by default)
2024-08-24T13:04:57.095+01:00  WARN 18728 --- [           main] org.hibernate.orm.deprecation            : HHH90000026: MySQL8Dialect has been deprecated; use org.hibernate.dialect.MySQLDialect instead
2024-08-24T13:05:04.368+01:00  INFO 18728 --- [           main] o.h.e.t.j.p.i.JtaPlatformInitiator       : HHH000489: No JTA platform available (set 'hibernate.transaction.jta.platform' to enable JTA platform integration)
2024-08-24T13:05:04.621+01:00  INFO 18728 --- [           main] org.hibernate.orm.connections.access     : HHH10001501: Connection obtained from JdbcConnectionAccess [org.hibernate.engine.jdbc.env.internal.JdbcEnvironmentInitiator$ConnectionProviderJdbcConnectionAccess@54d6f172] for (non-JTA) DDL execution was not in auto-commit mode; the Connection 'local transaction' will be committed and the Connection will be set into auto-commit mode.
2024-08-24T13:05:38.934+01:00  INFO 18728 --- [           main] j.LocalContainerEntityManagerFactoryBean : Initialized JPA EntityManagerFactory for persistence unit 'default'
2024-08-24T13:05:41.086+01:00  INFO 18728 --- [           main] o.s.d.j.r.query.QueryEnhancerFactory     : Hibernate is in classpath; If applicable, HQL parser will be used.
2024-08-24T13:05:49.328+01:00  WARN 18728 --- [           main] JpaBaseConfiguration$JpaWebConfiguration : spring.jpa.open-in-view is enabled by default. Therefore, database queries may be performed during view rendering. Explicitly configure spring.jpa.open-in-view to disable this warning
2024-08-24T13:05:50.918+01:00  INFO 18728 --- [           main] o.s.s.web.DefaultSecurityFilterChain     : Will secure any request with [org.springframework.security.web.session.DisableEncodeUrlFilter@409f9dca, org.springframework.security.web.context.request.async.WebAsyncManagerIntegrationFilter@7df63a2d, org.springframework.security.web.context.SecurityContextPersistenceFilter@e1c387e, org.springframework.security.web.header.HeaderWriterFilter@71268b8c, org.springframework.web.filter.CorsFilter@2682fe42, org.springframework.security.web.authentication.logout.LogoutFilter@50da96f3, org.sir.appgestionstock.zsecurity.jwt.AuthTokenFilter@7b9866c6, org.springframework.security.web.savedrequest.RequestCacheAwareFilter@2cef365b, org.springframework.security.web.servletapi.SecurityContextHolderAwareRequestFilter@6d6f7412, org.springframework.security.web.authentication.AnonymousAuthenticationFilter@27f73e68, org.springframework.security.web.session.SessionManagementFilter@239629ed, org.springframework.security.web.access.ExceptionTranslationFilter@6d69bdcc, org.springframework.security.web.access.intercept.AuthorizationFilter@594c830f]
2024-08-24T13:05:52.442+01:00  INFO 18728 --- [           main] o.sir.appgestionstock.ApplicationTest    : Started ApplicationTest in 71.424 seconds (process running for 75.471)
]]></system-out>
    <system-err><![CDATA[WARNING: A Java agent has been loaded dynamically (C:\Users\WIN\.m2\repository\net\bytebuddy\byte-buddy-agent\1.14.9\byte-buddy-agent-1.14.9.jar)
WARNING: If a serviceability tool is in use, please run with -XX:+EnableDynamicAgentLoading to hide this warning
WARNING: If a serviceability tool is not in use, please run with -Djdk.instrument.traceUsage for more information
WARNING: Dynamic loading of agents will be disallowed by default in a future release
]]></system-err>
  </testcase>
</testsuite>